[debug] [2024-04-01T00:27:57.998Z] ----------------------------------------------------------------------
[debug] [2024-04-01T00:27:58.003Z] Command:       C:\Program Files\nodejs\node.exe C:\Users\PMLS\AppData\Roaming\npm\node_modules\firebase-tools\lib\bin\firebase.js init
[debug] [2024-04-01T00:27:58.004Z] CLI Version:   13.6.0
[debug] [2024-04-01T00:27:58.005Z] Platform:      win32
[debug] [2024-04-01T00:27:58.005Z] Node Version:  v20.12.0
[debug] [2024-04-01T00:27:58.005Z] Time:          Mon Apr 01 2024 05:27:58 GMT+0500 (Pakistan Standard Time)
[debug] [2024-04-01T00:27:58.005Z] ----------------------------------------------------------------------
[debug] 
[debug] [2024-04-01T00:27:58.019Z] > command requires scopes: ["email","openid","https://www.googleapis.com/auth/cloudplatformprojects.readonly","https://www.googleapis.com/auth/firebase","https://www.googleapis.com/auth/cloud-platform"]
[debug] [2024-04-01T00:27:58.020Z] > authorizing via signed-in user (islamtalha8@gmail.com)
[info] 
     ######## #### ########  ######## ########     ###     ######  ########
     ##        ##  ##     ## ##       ##     ##  ##   ##  ##       ##
     ######    ##  ########  ######   ########  #########  ######  ######
     ##        ##  ##    ##  ##       ##     ## ##     ##       ## ##
     ##       #### ##     ## ######## ########  ##     ##  ######  ########

You're about to initialize a Firebase project in this directory:

  C:\Users\PMLS\Documents\Courses\HTML & CSS\studyio

[info] 
=== Project Setup
[info] 
[info] First, let's associate this project directory with a Firebase project.
[info] You can create multiple project aliases by running firebase use --add, 
[info] but for now we'll just set up a default project.
[info] 
[debug] [2024-04-01T00:28:39.304Z] >>> [apiv2][query] GET https://firebase.googleapis.com/v1beta1/projects pageSize=100
[debug] [2024-04-01T00:28:40.210Z] <<< [apiv2][status] GET https://firebase.googleapis.com/v1beta1/projects 200
[debug] [2024-04-01T00:28:40.211Z] <<< [apiv2][body] GET https://firebase.googleapis.com/v1beta1/projects [omitted]
[info] i  Using project studyio-62ee2 (Studyio) 
[info] 
=== Hosting Setup
[debug] [2024-04-01T00:28:44.887Z] >>> [apiv2][query] GET https://firebase.googleapis.com/v1beta1/projects/studyio-62ee2 [none]
[debug] [2024-04-01T00:28:45.297Z] <<< [apiv2][status] GET https://firebase.googleapis.com/v1beta1/projects/studyio-62ee2 200
[debug] [2024-04-01T00:28:45.298Z] <<< [apiv2][body] GET https://firebase.googleapis.com/v1beta1/projects/studyio-62ee2 {"projectId":"studyio-62ee2","projectNumber":"804841764231","displayName":"Studyio","name":"projects/studyio-62ee2","resources":{"hostingSite":"studyio-62ee2"},"state":"ACTIVE","etag":"1_7178c8cf-90a8-4cdc-af44-dbac10375dd1"}
[info] 
[info] Your public directory is the folder (relative to your project directory) that
[info] will contain Hosting assets to be uploaded with firebase deploy. If you
[info] have a build process for your assets, use your build's output directory.
[info] 
[info] +  Wrote public/404.html 
[debug] [2024-04-01T00:31:17.755Z] >>> [apiv2][query] GET https://www.gstatic.com/firebasejs/releases.json [none]
[debug] [2024-04-01T00:31:18.190Z] <<< [apiv2][status] GET https://www.gstatic.com/firebasejs/releases.json 200
[debug] [2024-04-01T00:31:18.191Z] <<< [apiv2][body] GET https://www.gstatic.com/firebasejs/releases.json {"current":{"version":"10.10.0","browserURL":"https://www.gstatic.com/firebasejs/10.10.0/firebase.js","packageURL":"https://www.gstatic.com/firebasejs/10.10.0/firebase.tgz"},"live":{"version":"10.10","browserURL":"https://www.gstatic.com/firebasejs/live/10.10/firebase.js","packageURL":"https://www.gstatic.com/firebasejs/live/10.10/firebase.tgz"},"components":{"analytics":"https://www.gstatic.com/firebasejs/10.10.0/firebase-analytics.js","app":"https://www.gstatic.com/firebasejs/10.10.0/firebase-app.js","app-check":"https://www.gstatic.com/firebasejs/10.10.0/firebase-app-check.js","auth":"https://www.gstatic.com/firebasejs/10.10.0/firebase-auth.js","auth/cordova":"https://www.gstatic.com/firebasejs/10.10.0/firebase-auth/cordova.js","auth/web-extension":"https://www.gstatic.com/firebasejs/10.10.0/firebase-auth/web-extension.js","functions":"https://www.gstatic.com/firebasejs/10.10.0/firebase-functions.js","firestore":"https://www.gstatic.com/firebasejs/10.10.0/firebase-firestore.js","firestore/lite":"https://www.gstatic.com/firebasejs/10.10.0/firebase-firestore/lite.js","installations":"https://www.gstatic.com/firebasejs/10.10.0/firebase-installations.js","storage":"https://www.gstatic.com/firebasejs/10.10.0/firebase-storage.js","performance":"https://www.gstatic.com/firebasejs/10.10.0/firebase-performance.js","remote-config":"https://www.gstatic.com/firebasejs/10.10.0/firebase-remote-config.js","messaging":"https://www.gstatic.com/firebasejs/10.10.0/firebase-messaging.js","messaging/sw":"https://www.gstatic.com/firebasejs/10.10.0/firebase-messaging/sw.js","database":"https://www.gstatic.com/firebasejs/10.10.0/firebase-database.js","firestore.memory":"https://www.gstatic.com/firebasejs/10.10.0/firebase-firestore.memory.js"}}
[info] i  Skipping write of public/index.html 
[info] 
[info] i  Didn't detect a .git folder. Assuming C:\Users\PMLS\Documents\Courses\HTML & CSS\studyio is the project root. 
[info] i  Authorizing with GitHub to upload your service account to a GitHub repository's secrets store. 
[info] 
[info] Visit this URL on this device to log in:
[info] https://github.com/login/oauth/authorize?client_id=89cf50f02ac6aaed3484&state=536700299&redirect_uri=http%3A%2F%2Flocalhost%3A9005&scope=read%3Auser%20repo%20public_repo
[info] 
[info] Waiting for authentication...
[debug] [2024-04-01T00:32:32.829Z] >>> [apiv2][query] POST https://github.com/login/oauth/access_token [none]
[debug] [2024-04-01T00:32:32.829Z] >>> [apiv2][body] POST https://github.com/login/oauth/access_token [stream]
[debug] [2024-04-01T00:32:33.440Z] <<< [apiv2][status] POST https://github.com/login/oauth/access_token 200
[debug] [2024-04-01T00:32:33.440Z] <<< [apiv2][body] POST https://github.com/login/oauth/access_token {"access_token":"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","token_type":"bearer","scope":"read:user,repo"}
[debug] [2024-04-01T00:32:33.476Z] >>> [apiv2][query] GET https://api.github.com/user [none]
[debug] [2024-04-01T00:32:34.077Z] <<< [apiv2][status] GET https://api.github.com/user 200
[debug] [2024-04-01T00:32:34.077Z] <<< [apiv2][body] GET https://api.github.com/user {"login":"CrazyTalha24","id":86923018,"node_id":"MDQ6VXNlcjg2OTIzMDE4","avatar_url":"https://avatars.githubusercontent.com/u/86923018?v=4","gravatar_id":"","url":"https://api.github.com/users/CrazyTalha24","html_url":"https://github.com/CrazyTalha24","followers_url":"https://api.github.com/users/CrazyTalha24/followers","following_url":"https://api.github.com/users/CrazyTalha24/following{/other_user}","gists_url":"https://api.github.com/users/CrazyTalha24/gists{/gist_id}","starred_url":"https://api.github.com/users/CrazyTalha24/starred{/owner}{/repo}","subscriptions_url":"https://api.github.com/users/CrazyTalha24/subscriptions","organizations_url":"https://api.github.com/users/CrazyTalha24/orgs","repos_url":"https://api.github.com/users/CrazyTalha24/repos","events_url":"https://api.github.com/users/CrazyTalha24/events{/privacy}","received_events_url":"https://api.github.com/users/CrazyTalha24/received_events","type":"User","site_admin":false,"name":null,"company":null,"blog":"","location":null,"email":null,"hireable":null,"bio":null,"twitter_username":null,"public_repos":3,"public_gists":0,"followers":0,"following":0,"created_at":"2021-07-04T15:40:55Z","updated_at":"2024-03-13T11:38:48Z","private_gists":0,"total_private_repos":0,"owned_private_repos":0,"disk_usage":7340,"collaborators":0,"two_factor_authentication":false,"plan":{"name":"free","space":976562499,"collaborators":0,"private_repos":10000}}
[info] 
[info] +  Success! Logged into GitHub as CrazyTalha24 
[info] 
[debug] [2024-04-01T00:33:13.044Z] >>> [apiv2][query] GET https://api.github.com/repos//actions/secrets/public-key type=owner
[debug] [2024-04-01T00:33:13.497Z] <<< [apiv2][status] GET https://api.github.com/repos//actions/secrets/public-key 404
[debug] [2024-04-01T00:33:13.497Z] <<< [apiv2][body] GET https://api.github.com/repos//actions/secrets/public-key {"message":"Not Found","documentation_url":"https://docs.github.com/rest"}
[info] 
[info] 
[error] !  The provided authorization cannot be used with this repository. If this repository is in an organization, did you remember to grant access? 
[info] 
[info] i  Action required: Visit this URL to ensure access has been granted to the appropriate organization(s) for the Firebase CLI GitHub OAuth App: 
[info] https://github.com/settings/connections/applications/89cf50f02ac6aaed3484
[info] 
[debug] [2024-04-01T00:33:21.846Z] >>> [apiv2][query] GET https://api.github.com/repos/n/actions/secrets/public-key type=owner
[debug] [2024-04-01T00:33:22.416Z] <<< [apiv2][status] GET https://api.github.com/repos/n/actions/secrets/public-key 404
[debug] [2024-04-01T00:33:22.416Z] <<< [apiv2][body] GET https://api.github.com/repos/n/actions/secrets/public-key {"message":"Not Found","documentation_url":"https://docs.github.com/rest"}
[info] 
[info] 
[error] !  The provided authorization cannot be used with this repository. If this repository is in an organization, did you remember to grant access? 
[info] 
[info] i  Action required: Visit this URL to ensure access has been granted to the appropriate organization(s) for the Firebase CLI GitHub OAuth App: 
[info] https://github.com/settings/connections/applications/89cf50f02ac6aaed3484
[info] 
[debug] [2024-04-01T00:33:25.555Z] >>> [apiv2][query] GET https://api.github.com/repos/n/actions/secrets/public-key type=owner
[debug] [2024-04-01T00:33:25.914Z] <<< [apiv2][status] GET https://api.github.com/repos/n/actions/secrets/public-key 404
[debug] [2024-04-01T00:33:25.914Z] <<< [apiv2][body] GET https://api.github.com/repos/n/actions/secrets/public-key {"message":"Not Found","documentation_url":"https://docs.github.com/rest"}
[info] 
[info] 
[error] !  The provided authorization cannot be used with this repository. If this repository is in an organization, did you remember to grant access? 
[info] 
[info] i  Action required: Visit this URL to ensure access has been granted to the appropriate organization(s) for the Firebase CLI GitHub OAuth App: 
[info] https://github.com/settings/connections/applications/89cf50f02ac6aaed3484
[info] 
